[1.220s] Invoking command in '/home/vudinhso/RMIT_Bot/lesson1_ws/src/my_first_package': DEBUGINFOD_URLS=https://debuginfod.ubuntu.com PYTHONPATH=/home/vudinhso/RMIT_Bot/lesson1_ws/build/my_first_package/prefix_override:/usr/lib/python3/dist-packages/colcon_core/task/python/colcon_distutils_commands:/home/vudinhso/RMIT_Bot/lesson1_ws/install/my_first_package/lib/python3.12/site-packages:${PYTHONPATH} /usr/bin/python3 -W ignore:setup.py install is deprecated -W ignore:easy_install command is deprecated setup.py egg_info --egg-base ../../build/my_first_package build --build-base /home/vudinhso/RMIT_Bot/lesson1_ws/build/my_first_package/build install --record /home/vudinhso/RMIT_Bot/lesson1_ws/build/my_first_package/install.log --single-version-externally-managed install_data
[1.616s] running egg_info
[1.654s] writing ../../build/my_first_package/my_first_package.egg-info/PKG-INFO
[1.654s] writing dependency_links to ../../build/my_first_package/my_first_package.egg-info/dependency_links.txt
[1.654s] writing entry points to ../../build/my_first_package/my_first_package.egg-info/entry_points.txt
[1.654s] writing requirements to ../../build/my_first_package/my_first_package.egg-info/requires.txt
[1.655s] writing top-level names to ../../build/my_first_package/my_first_package.egg-info/top_level.txt
[1.715s] reading manifest file '../../build/my_first_package/my_first_package.egg-info/SOURCES.txt'
[1.716s] writing manifest file '../../build/my_first_package/my_first_package.egg-info/SOURCES.txt'
[1.717s] running build
[1.717s] running build_py
[1.717s] copying my_first_package/simple_publisher.py -> /home/vudinhso/RMIT_Bot/lesson1_ws/build/my_first_package/build/lib/my_first_package
[1.717s] copying my_first_package/simple_subscriber.py -> /home/vudinhso/RMIT_Bot/lesson1_ws/build/my_first_package/build/lib/my_first_package
[1.717s] running install
[1.729s] running install_lib
[1.761s] copying /home/vudinhso/RMIT_Bot/lesson1_ws/build/my_first_package/build/lib/my_first_package/simple_publisher.py -> /home/vudinhso/RMIT_Bot/lesson1_ws/install/my_first_package/lib/python3.12/site-packages/my_first_package
[1.762s] copying /home/vudinhso/RMIT_Bot/lesson1_ws/build/my_first_package/build/lib/my_first_package/simple_subscriber.py -> /home/vudinhso/RMIT_Bot/lesson1_ws/install/my_first_package/lib/python3.12/site-packages/my_first_package
[1.763s] byte-compiling /home/vudinhso/RMIT_Bot/lesson1_ws/install/my_first_package/lib/python3.12/site-packages/my_first_package/simple_publisher.py to simple_publisher.cpython-312.pyc
[1.765s] byte-compiling /home/vudinhso/RMIT_Bot/lesson1_ws/install/my_first_package/lib/python3.12/site-packages/my_first_package/simple_subscriber.py to simple_subscriber.cpython-312.pyc
[1.766s] running install_data
[1.766s] running install_egg_info
[1.804s] removing '/home/vudinhso/RMIT_Bot/lesson1_ws/install/my_first_package/lib/python3.12/site-packages/my_first_package-0.0.0-py3.12.egg-info' (and everything under it)
[1.804s] Copying ../../build/my_first_package/my_first_package.egg-info to /home/vudinhso/RMIT_Bot/lesson1_ws/install/my_first_package/lib/python3.12/site-packages/my_first_package-0.0.0-py3.12.egg-info
[1.806s] running install_scripts
[2.028s] Installing simple_publisher script to /home/vudinhso/RMIT_Bot/lesson1_ws/install/my_first_package/lib/my_first_package
[2.028s] Installing simple_subscriber script to /home/vudinhso/RMIT_Bot/lesson1_ws/install/my_first_package/lib/my_first_package
[2.029s] writing list of installed files to '/home/vudinhso/RMIT_Bot/lesson1_ws/build/my_first_package/install.log'
[2.082s] Invoked command in '/home/vudinhso/RMIT_Bot/lesson1_ws/src/my_first_package' returned '0': DEBUGINFOD_URLS=https://debuginfod.ubuntu.com PYTHONPATH=/home/vudinhso/RMIT_Bot/lesson1_ws/build/my_first_package/prefix_override:/usr/lib/python3/dist-packages/colcon_core/task/python/colcon_distutils_commands:/home/vudinhso/RMIT_Bot/lesson1_ws/install/my_first_package/lib/python3.12/site-packages:${PYTHONPATH} /usr/bin/python3 -W ignore:setup.py install is deprecated -W ignore:easy_install command is deprecated setup.py egg_info --egg-base ../../build/my_first_package build --build-base /home/vudinhso/RMIT_Bot/lesson1_ws/build/my_first_package/build install --record /home/vudinhso/RMIT_Bot/lesson1_ws/build/my_first_package/install.log --single-version-externally-managed install_data
