[1.429s] Invoking command in '/home/vudinhso/RMIT_Bot/lesson1_ws/src/my_first_package': DEBUGINFOD_URLS=https://debuginfod.ubuntu.com PYTHONPATH=/home/vudinhso/RMIT_Bot/lesson1_ws/build/my_first_package/prefix_override:/usr/lib/python3/dist-packages/colcon_core/task/python/colcon_distutils_commands:/home/vudinhso/RMIT_Bot/lesson1_ws/install/my_first_package/lib/python3.12/site-packages:${PYTHONPATH} /usr/bin/python3 -W ignore:setup.py install is deprecated -W ignore:easy_install command is deprecated setup.py egg_info --egg-base ../../build/my_first_package build --build-base /home/vudinhso/RMIT_Bot/lesson1_ws/build/my_first_package/build install --record /home/vudinhso/RMIT_Bot/lesson1_ws/build/my_first_package/install.log --single-version-externally-managed install_data
[1.766s] running egg_info
[1.766s] creating ../../build/my_first_package/my_first_package.egg-info
[1.786s] writing ../../build/my_first_package/my_first_package.egg-info/PKG-INFO
[1.787s] writing dependency_links to ../../build/my_first_package/my_first_package.egg-info/dependency_links.txt
[1.787s] writing entry points to ../../build/my_first_package/my_first_package.egg-info/entry_points.txt
[1.788s] writing requirements to ../../build/my_first_package/my_first_package.egg-info/requires.txt
[1.788s] writing top-level names to ../../build/my_first_package/my_first_package.egg-info/top_level.txt
[1.788s] writing manifest file '../../build/my_first_package/my_first_package.egg-info/SOURCES.txt'
[1.833s] reading manifest file '../../build/my_first_package/my_first_package.egg-info/SOURCES.txt'
[1.834s] writing manifest file '../../build/my_first_package/my_first_package.egg-info/SOURCES.txt'
[1.834s] running build
[1.834s] running build_py
[1.834s] creating /home/vudinhso/RMIT_Bot/lesson1_ws/build/my_first_package/build
[1.834s] creating /home/vudinhso/RMIT_Bot/lesson1_ws/build/my_first_package/build/lib
[1.834s] creating /home/vudinhso/RMIT_Bot/lesson1_ws/build/my_first_package/build/lib/my_first_package
[1.834s] copying my_first_package/simple_publisher.py -> /home/vudinhso/RMIT_Bot/lesson1_ws/build/my_first_package/build/lib/my_first_package
[1.847s] copying my_first_package/simple_subscriber.py -> /home/vudinhso/RMIT_Bot/lesson1_ws/build/my_first_package/build/lib/my_first_package
[1.848s] copying my_first_package/__init__.py -> /home/vudinhso/RMIT_Bot/lesson1_ws/build/my_first_package/build/lib/my_first_package
[1.849s] running install
[1.855s] running install_lib
[1.882s] creating /home/vudinhso/RMIT_Bot/lesson1_ws/install/my_first_package/lib/python3.12/site-packages/my_first_package
[1.882s] copying /home/vudinhso/RMIT_Bot/lesson1_ws/build/my_first_package/build/lib/my_first_package/simple_publisher.py -> /home/vudinhso/RMIT_Bot/lesson1_ws/install/my_first_package/lib/python3.12/site-packages/my_first_package
[1.883s] copying /home/vudinhso/RMIT_Bot/lesson1_ws/build/my_first_package/build/lib/my_first_package/simple_subscriber.py -> /home/vudinhso/RMIT_Bot/lesson1_ws/install/my_first_package/lib/python3.12/site-packages/my_first_package
[1.885s] copying /home/vudinhso/RMIT_Bot/lesson1_ws/build/my_first_package/build/lib/my_first_package/__init__.py -> /home/vudinhso/RMIT_Bot/lesson1_ws/install/my_first_package/lib/python3.12/site-packages/my_first_package
[1.885s] byte-compiling /home/vudinhso/RMIT_Bot/lesson1_ws/install/my_first_package/lib/python3.12/site-packages/my_first_package/simple_publisher.py to simple_publisher.cpython-312.pyc
[1.885s] byte-compiling /home/vudinhso/RMIT_Bot/lesson1_ws/install/my_first_package/lib/python3.12/site-packages/my_first_package/simple_subscriber.py to simple_subscriber.cpython-312.pyc
[1.886s] byte-compiling /home/vudinhso/RMIT_Bot/lesson1_ws/install/my_first_package/lib/python3.12/site-packages/my_first_package/__init__.py to __init__.cpython-312.pyc
[1.886s] running install_data
[1.886s] creating /home/vudinhso/RMIT_Bot/lesson1_ws/install/my_first_package/share/ament_index
[1.886s] creating /home/vudinhso/RMIT_Bot/lesson1_ws/install/my_first_package/share/ament_index/resource_index
[1.886s] creating /home/vudinhso/RMIT_Bot/lesson1_ws/install/my_first_package/share/ament_index/resource_index/packages
[1.886s] copying resource/my_first_package -> /home/vudinhso/RMIT_Bot/lesson1_ws/install/my_first_package/share/ament_index/resource_index/packages
[1.887s] copying package.xml -> /home/vudinhso/RMIT_Bot/lesson1_ws/install/my_first_package/share/my_first_package
[1.887s] running install_egg_info
[1.910s] Copying ../../build/my_first_package/my_first_package.egg-info to /home/vudinhso/RMIT_Bot/lesson1_ws/install/my_first_package/lib/python3.12/site-packages/my_first_package-0.0.0-py3.12.egg-info
[1.911s] running install_scripts
[2.133s] Installing simple_publisher script to /home/vudinhso/RMIT_Bot/lesson1_ws/install/my_first_package/lib/my_first_package
[2.134s] Installing simple_subscriber script to /home/vudinhso/RMIT_Bot/lesson1_ws/install/my_first_package/lib/my_first_package
[2.134s] writing list of installed files to '/home/vudinhso/RMIT_Bot/lesson1_ws/build/my_first_package/install.log'
[2.217s] Invoked command in '/home/vudinhso/RMIT_Bot/lesson1_ws/src/my_first_package' returned '0': DEBUGINFOD_URLS=https://debuginfod.ubuntu.com PYTHONPATH=/home/vudinhso/RMIT_Bot/lesson1_ws/build/my_first_package/prefix_override:/usr/lib/python3/dist-packages/colcon_core/task/python/colcon_distutils_commands:/home/vudinhso/RMIT_Bot/lesson1_ws/install/my_first_package/lib/python3.12/site-packages:${PYTHONPATH} /usr/bin/python3 -W ignore:setup.py install is deprecated -W ignore:easy_install command is deprecated setup.py egg_info --egg-base ../../build/my_first_package build --build-base /home/vudinhso/RMIT_Bot/lesson1_ws/build/my_first_package/build install --record /home/vudinhso/RMIT_Bot/lesson1_ws/build/my_first_package/install.log --single-version-externally-managed install_data
