[1.001s] Invoking command in '/home/vudinhso/RMIT_Bot/lesson1_ws/src/my_first_package': DEBUGINFOD_URLS=https://debuginfod.ubuntu.com PYTHONPATH=/home/vudinhso/RMIT_Bot/lesson1_ws/build/my_first_package/prefix_override:/usr/lib/python3/dist-packages/colcon_core/task/python/colcon_distutils_commands:/home/vudinhso/RMIT_Bot/lesson1_ws/install/my_first_package/lib/python3.12/site-packages:${PYTHONPATH} /usr/bin/python3 -W ignore:setup.py install is deprecated -W ignore:easy_install command is deprecated setup.py egg_info --egg-base ../../build/my_first_package build --build-base /home/vudinhso/RMIT_Bot/lesson1_ws/build/my_first_package/build install --record /home/vudinhso/RMIT_Bot/lesson1_ws/build/my_first_package/install.log --single-version-externally-managed install_data
[1.304s] running egg_info
[1.328s] writing ../../build/my_first_package/my_first_package.egg-info/PKG-INFO
[1.328s] writing dependency_links to ../../build/my_first_package/my_first_package.egg-info/dependency_links.txt
[1.328s] writing entry points to ../../build/my_first_package/my_first_package.egg-info/entry_points.txt
[1.328s] writing requirements to ../../build/my_first_package/my_first_package.egg-info/requires.txt
[1.329s] writing top-level names to ../../build/my_first_package/my_first_package.egg-info/top_level.txt
[1.382s] reading manifest file '../../build/my_first_package/my_first_package.egg-info/SOURCES.txt'
[1.384s] writing manifest file '../../build/my_first_package/my_first_package.egg-info/SOURCES.txt'
[1.385s] running build
[1.385s] running build_py
[1.385s] running install
[1.393s] running install_lib
[1.419s] running install_data
[1.419s] running install_egg_info
[1.449s] removing '/home/vudinhso/RMIT_Bot/lesson1_ws/install/my_first_package/lib/python3.12/site-packages/my_first_package-0.0.0-py3.12.egg-info' (and everything under it)
[1.450s] Copying ../../build/my_first_package/my_first_package.egg-info to /home/vudinhso/RMIT_Bot/lesson1_ws/install/my_first_package/lib/python3.12/site-packages/my_first_package-0.0.0-py3.12.egg-info
[1.450s] running install_scripts
[1.632s] Installing simple_publisher script to /home/vudinhso/RMIT_Bot/lesson1_ws/install/my_first_package/lib/my_first_package
[1.633s] Installing simple_subscriber script to /home/vudinhso/RMIT_Bot/lesson1_ws/install/my_first_package/lib/my_first_package
[1.633s] writing list of installed files to '/home/vudinhso/RMIT_Bot/lesson1_ws/build/my_first_package/install.log'
[1.692s] Invoked command in '/home/vudinhso/RMIT_Bot/lesson1_ws/src/my_first_package' returned '0': DEBUGINFOD_URLS=https://debuginfod.ubuntu.com PYTHONPATH=/home/vudinhso/RMIT_Bot/lesson1_ws/build/my_first_package/prefix_override:/usr/lib/python3/dist-packages/colcon_core/task/python/colcon_distutils_commands:/home/vudinhso/RMIT_Bot/lesson1_ws/install/my_first_package/lib/python3.12/site-packages:${PYTHONPATH} /usr/bin/python3 -W ignore:setup.py install is deprecated -W ignore:easy_install command is deprecated setup.py egg_info --egg-base ../../build/my_first_package build --build-base /home/vudinhso/RMIT_Bot/lesson1_ws/build/my_first_package/build install --record /home/vudinhso/RMIT_Bot/lesson1_ws/build/my_first_package/install.log --single-version-externally-managed install_data
