[0.746s] Invoking command in '/home/vudinhso/RMIT_Bot/lesson1_ws/src/my_first_package': DEBUGINFOD_URLS=https://debuginfod.ubuntu.com PYTHONPATH=/home/vudinhso/RMIT_Bot/lesson1_ws/build/my_first_package/prefix_override:/usr/lib/python3/dist-packages/colcon_core/task/python/colcon_distutils_commands:/home/vudinhso/RMIT_Bot/lesson1_ws/install/my_first_package/lib/python3.12/site-packages:${PYTHONPATH} /usr/bin/python3 -W ignore:setup.py install is deprecated -W ignore:easy_install command is deprecated setup.py egg_info --egg-base ../../build/my_first_package build --build-base /home/vudinhso/RMIT_Bot/lesson1_ws/build/my_first_package/build install --record /home/vudinhso/RMIT_Bot/lesson1_ws/build/my_first_package/install.log --single-version-externally-managed install_data
[0.981s] running egg_info
[0.981s] creating ../../build/my_first_package/my_first_package.egg-info
[0.998s] writing ../../build/my_first_package/my_first_package.egg-info/PKG-INFO
[0.998s] writing dependency_links to ../../build/my_first_package/my_first_package.egg-info/dependency_links.txt
[0.998s] writing requirements to ../../build/my_first_package/my_first_package.egg-info/requires.txt
[0.998s] writing top-level names to ../../build/my_first_package/my_first_package.egg-info/top_level.txt
[0.998s] writing manifest file '../../build/my_first_package/my_first_package.egg-info/SOURCES.txt'
[1.044s] reading manifest file '../../build/my_first_package/my_first_package.egg-info/SOURCES.txt'
[1.044s] writing manifest file '../../build/my_first_package/my_first_package.egg-info/SOURCES.txt'
[1.044s] running build
[1.044s] running build_py
[1.044s] creating /home/vudinhso/RMIT_Bot/lesson1_ws/build/my_first_package/build
[1.044s] creating /home/vudinhso/RMIT_Bot/lesson1_ws/build/my_first_package/build/lib
[1.044s] creating /home/vudinhso/RMIT_Bot/lesson1_ws/build/my_first_package/build/lib/my_first_package
[1.044s] copying my_first_package/__init__.py -> /home/vudinhso/RMIT_Bot/lesson1_ws/build/my_first_package/build/lib/my_first_package
[1.044s] running install
[1.050s] running install_lib
[1.066s] creating /home/vudinhso/RMIT_Bot/lesson1_ws/install/my_first_package/lib/python3.12/site-packages/my_first_package
[1.066s] copying /home/vudinhso/RMIT_Bot/lesson1_ws/build/my_first_package/build/lib/my_first_package/__init__.py -> /home/vudinhso/RMIT_Bot/lesson1_ws/install/my_first_package/lib/python3.12/site-packages/my_first_package
[1.067s] byte-compiling /home/vudinhso/RMIT_Bot/lesson1_ws/install/my_first_package/lib/python3.12/site-packages/my_first_package/__init__.py to __init__.cpython-312.pyc
[1.067s] running install_data
[1.067s] creating /home/vudinhso/RMIT_Bot/lesson1_ws/install/my_first_package/share/ament_index
[1.067s] creating /home/vudinhso/RMIT_Bot/lesson1_ws/install/my_first_package/share/ament_index/resource_index
[1.067s] creating /home/vudinhso/RMIT_Bot/lesson1_ws/install/my_first_package/share/ament_index/resource_index/packages
[1.067s] copying resource/my_first_package -> /home/vudinhso/RMIT_Bot/lesson1_ws/install/my_first_package/share/ament_index/resource_index/packages
[1.068s] copying package.xml -> /home/vudinhso/RMIT_Bot/lesson1_ws/install/my_first_package/share/my_first_package
[1.068s] running install_egg_info
[1.085s] Copying ../../build/my_first_package/my_first_package.egg-info to /home/vudinhso/RMIT_Bot/lesson1_ws/install/my_first_package/lib/python3.12/site-packages/my_first_package-0.0.0-py3.12.egg-info
[1.086s] running install_scripts
[1.199s] writing list of installed files to '/home/vudinhso/RMIT_Bot/lesson1_ws/build/my_first_package/install.log'
[1.235s] Invoked command in '/home/vudinhso/RMIT_Bot/lesson1_ws/src/my_first_package' returned '0': DEBUGINFOD_URLS=https://debuginfod.ubuntu.com PYTHONPATH=/home/vudinhso/RMIT_Bot/lesson1_ws/build/my_first_package/prefix_override:/usr/lib/python3/dist-packages/colcon_core/task/python/colcon_distutils_commands:/home/vudinhso/RMIT_Bot/lesson1_ws/install/my_first_package/lib/python3.12/site-packages:${PYTHONPATH} /usr/bin/python3 -W ignore:setup.py install is deprecated -W ignore:easy_install command is deprecated setup.py egg_info --egg-base ../../build/my_first_package build --build-base /home/vudinhso/RMIT_Bot/lesson1_ws/build/my_first_package/build install --record /home/vudinhso/RMIT_Bot/lesson1_ws/build/my_first_package/install.log --single-version-externally-managed install_data
