[1.757s] Invoking command in '/home/vudinhso/RMIT_Bot/lesson1_ws/src/my_first_package': DEBUGINFOD_URLS=https://debuginfod.ubuntu.com PYTHONPATH=/home/vudinhso/RMIT_Bot/lesson1_ws/build/my_first_package/prefix_override:/usr/lib/python3/dist-packages/colcon_core/task/python/colcon_distutils_commands:/home/vudinhso/RMIT_Bot/lesson1_ws/install/my_first_package/lib/python3.12/site-packages:${PYTHONPATH} /usr/bin/python3 -W ignore:setup.py install is deprecated -W ignore:easy_install command is deprecated setup.py egg_info --egg-base ../../build/my_first_package build --build-base /home/vudinhso/RMIT_Bot/lesson1_ws/build/my_first_package/build install --record /home/vudinhso/RMIT_Bot/lesson1_ws/build/my_first_package/install.log --single-version-externally-managed install_data
[2.264s] running egg_info
[2.316s] writing ../../build/my_first_package/my_first_package.egg-info/PKG-INFO
[2.317s] writing dependency_links to ../../build/my_first_package/my_first_package.egg-info/dependency_links.txt
[2.318s] writing entry points to ../../build/my_first_package/my_first_package.egg-info/entry_points.txt
[2.320s] writing requirements to ../../build/my_first_package/my_first_package.egg-info/requires.txt
[2.320s] writing top-level names to ../../build/my_first_package/my_first_package.egg-info/top_level.txt
[2.398s] reading manifest file '../../build/my_first_package/my_first_package.egg-info/SOURCES.txt'
[2.403s] writing manifest file '../../build/my_first_package/my_first_package.egg-info/SOURCES.txt'
[2.404s] running build
[2.404s] running build_py
[2.406s] running install
[2.416s] running install_lib
[2.449s] running install_data
[2.449s] running install_egg_info
[2.501s] removing '/home/vudinhso/RMIT_Bot/lesson1_ws/install/my_first_package/lib/python3.12/site-packages/my_first_package-0.0.0-py3.12.egg-info' (and everything under it)
[2.503s] Copying ../../build/my_first_package/my_first_package.egg-info to /home/vudinhso/RMIT_Bot/lesson1_ws/install/my_first_package/lib/python3.12/site-packages/my_first_package-0.0.0-py3.12.egg-info
[2.504s] running install_scripts
[2.754s] Installing simple_publisher script to /home/vudinhso/RMIT_Bot/lesson1_ws/install/my_first_package/lib/my_first_package
[2.755s] Installing simple_subscriber script to /home/vudinhso/RMIT_Bot/lesson1_ws/install/my_first_package/lib/my_first_package
[2.756s] writing list of installed files to '/home/vudinhso/RMIT_Bot/lesson1_ws/build/my_first_package/install.log'
[2.821s] Invoked command in '/home/vudinhso/RMIT_Bot/lesson1_ws/src/my_first_package' returned '0': DEBUGINFOD_URLS=https://debuginfod.ubuntu.com PYTHONPATH=/home/vudinhso/RMIT_Bot/lesson1_ws/build/my_first_package/prefix_override:/usr/lib/python3/dist-packages/colcon_core/task/python/colcon_distutils_commands:/home/vudinhso/RMIT_Bot/lesson1_ws/install/my_first_package/lib/python3.12/site-packages:${PYTHONPATH} /usr/bin/python3 -W ignore:setup.py install is deprecated -W ignore:easy_install command is deprecated setup.py egg_info --egg-base ../../build/my_first_package build --build-base /home/vudinhso/RMIT_Bot/lesson1_ws/build/my_first_package/build install --record /home/vudinhso/RMIT_Bot/lesson1_ws/build/my_first_package/install.log --single-version-externally-managed install_data
